This is pdfTeX, Version 3.141592653-2.6-1.40.24 (TeX Live 2022) (preloaded format=pdflatex 2022.9.14)  14 AUG 2023 13:08
entering extended mode
 restricted \write18 enabled.
 file:line:error style messages enabled.
 %&-line parsing enabled.
**/Users/rafaelpastor/Library/CloudStorage/OneDrive-UniversidadedeLisboa/MEFT/spin0-np-constants/MScThesis/Thesis.tex
(/Users/rafaelpastor/Library/CloudStorage/OneDrive-UniversidadedeLisboa/MEFT/spin0-np-constants/MScThesis/Thesis.tex
LaTeX2e <2021-11-15> patch level 1
L3 programming layer <2022-02-24> (/usr/local/texlive/2022/texmf-dist/tex/latex/base/report.cls
Document Class: report 2021/10/04 v1.4n Standard LaTeX document class
(/usr/local/texlive/2022/texmf-dist/tex/latex/base/size10.clo
File: size10.clo 2021/10/04 v1.4n Standard LaTeX file (size option)
)
\c@part=\count185
\c@chapter=\count186
\c@section=\count187
\c@subsection=\count188
\c@subsubsection=\count189
\c@paragraph=\count190
\c@subparagraph=\count191
\c@figure=\count192
\c@table=\count193
\abovecaptionskip=\skip47
\belowcaptionskip=\skip48
\bibindent=\dimen138
) (./Modules/Preamble.tex (/usr/local/texlive/2022/texmf-dist/tex/latex/natbib/natbib.sty
Package: natbib 2010/09/13 8.31b (PWD, AO)
\bibhang=\skip49
\bibsep=\skip50
LaTeX Info: Redefining \cite on input line 694.
\c@NAT@ctr=\count194
) (/usr/local/texlive/2022/texmf-dist/tex/latex/notoccite/notoccite.sty
Package: notoccite 2000/07/20
) (/usr/local/texlive/2022/texmf-dist/tex/latex/base/inputenc.sty
Package: inputenc 2021/02/14 v1.3d Input encoding file
\inpenc@prehook=\toks16
\inpenc@posthook=\toks17
) (/usr/local/texlive/2022/texmf-dist/tex/generic/babel/babel.sty
Package: babel 2022/02/26 3.73 The Babel package
\babel@savecnt=\count195
\U@D=\dimen139
\l@unhyphenated=\language87
 (/usr/local/texlive/2022/texmf-dist/tex/generic/babel/txtbabel.def)
\bbl@readstream=\read2
\bbl@dirlevel=\count196
 (/usr/local/texlive/2022/texmf-dist/tex/generic/babel-english/english.ldf
Language: english 2017/06/06 v3.3r English support from the babel system
Package babel Info: Hyphen rules for 'canadian' set to \l@english
(babel)             (\language0). Reported on input line 102.
Package babel Info: Hyphen rules for 'australian' set to \l@ukenglish
(babel)             (\language21). Reported on input line 105.
Package babel Info: Hyphen rules for 'newzealand' set to \l@ukenglish
(babel)             (\language21). Reported on input line 108.
)) (/usr/local/texlive/2022/texmf-dist/tex/latex/geometry/geometry.sty
Package: geometry 2020/01/02 v5.9 Page Geometry
 (/usr/local/texlive/2022/texmf-dist/tex/latex/graphics/keyval.sty
Package: keyval 2014/10/28 v1.15 key=value parser (DPC)
\KV@toks@=\toks18
) (/usr/local/texlive/2022/texmf-dist/tex/generic/iftex/ifvtex.sty
Package: ifvtex 2019/10/25 v1.7 ifvtex legacy package. Use iftex instead.
 (/usr/local/texlive/2022/texmf-dist/tex/generic/iftex/iftex.sty
Package: iftex 2022/02/03 v1.0f TeX engine tests
))
\Gm@cnth=\count197
\Gm@cntv=\count198
\c@Gm@tempcnt=\count199
\Gm@bindingoffset=\dimen140
\Gm@wd@mp=\dimen141
\Gm@odd@mp=\dimen142
\Gm@even@mp=\dimen143
\Gm@layoutwidth=\dimen144
\Gm@layoutheight=\dimen145
\Gm@layouthoffset=\dimen146
\Gm@layoutvoffset=\dimen147
\Gm@dimlist=\toks19
) (/usr/local/texlive/2022/texmf-dist/tex/latex/setspace/setspace.sty
Package: setspace 2011/12/19 v6.7a set line spacing
) (/usr/local/texlive/2022/texmf-dist/tex/latex/tools/indentfirst.sty
Package: indentfirst 1995/11/23 v1.03 Indent first paragraph (DPC)
) (/usr/local/texlive/2022/texmf-dist/tex/latex/graphics/graphicx.sty
Package: graphicx 2021/09/16 v1.2d Enhanced LaTeX Graphics (DPC,SPQR)
 (/usr/local/texlive/2022/texmf-dist/tex/latex/graphics/graphics.sty
Package: graphics 2021/03/04 v1.4d Standard LaTeX Graphics (DPC,SPQR)
 (/usr/local/texlive/2022/texmf-dist/tex/latex/graphics/trig.sty
Package: trig 2021/08/11 v1.11 sin cos tan (DPC)
) (/usr/local/texlive/2022/texmf-dist/tex/latex/graphics-cfg/graphics.cfg
File: graphics.cfg 2016/06/04 v1.11 sample graphics configuration
)
Package graphics Info: Driver file: pdftex.def on input line 107.
 (/usr/local/texlive/2022/texmf-dist/tex/latex/graphics-def/pdftex.def
File: pdftex.def 2020/10/05 v1.2a Graphics/color driver for pdftex
))
\Gin@req@height=\dimen148
\Gin@req@width=\dimen149
) (/usr/local/texlive/2022/texmf-dist/tex/latex/amsmath/amsmath.sty
Package: amsmath 2021/10/15 v2.17l AMS math features
\@mathmargin=\skip51

For additional information on amsmath, use the `?' option.
(/usr/local/texlive/2022/texmf-dist/tex/latex/amsmath/amstext.sty
Package: amstext 2021/08/26 v2.01 AMS text
 (/usr/local/texlive/2022/texmf-dist/tex/latex/amsmath/amsgen.sty
File: amsgen.sty 1999/11/30 v2.0 generic functions
\@emptytoks=\toks20
\ex@=\dimen150
)) (/usr/local/texlive/2022/texmf-dist/tex/latex/amsmath/amsbsy.sty
Package: amsbsy 1999/11/29 v1.2d Bold Symbols
\pmbraise@=\dimen151
) (/usr/local/texlive/2022/texmf-dist/tex/latex/amsmath/amsopn.sty
Package: amsopn 2021/08/26 v2.02 operator names
)
\inf@bad=\count266
LaTeX Info: Redefining \frac on input line 234.
\uproot@=\count267
\leftroot@=\count268
LaTeX Info: Redefining \overline on input line 399.
\classnum@=\count269
\DOTSCASE@=\count270
LaTeX Info: Redefining \ldots on input line 496.
LaTeX Info: Redefining \dots on input line 499.
LaTeX Info: Redefining \cdots on input line 620.
\Mathstrutbox@=\box50
\strutbox@=\box51
\big@size=\dimen152
LaTeX Font Info:    Redeclaring font encoding OML on input line 743.
LaTeX Font Info:    Redeclaring font encoding OMS on input line 744.
\macc@depth=\count271
\c@MaxMatrixCols=\count272
\dotsspace@=\muskip16
\c@parentequation=\count273
\dspbrk@lvl=\count274
\tag@help=\toks21
\row@=\count275
\column@=\count276
\maxfields@=\count277
\andhelp@=\toks22
\eqnshift@=\dimen153
\alignsep@=\dimen154
\tagshift@=\dimen155
\tagwidth@=\dimen156
\totwidth@=\dimen157
\lineht@=\dimen158
\@envbody=\toks23
\multlinegap=\skip52
\multlinetaggap=\skip53
\mathdisplay@stack=\toks24
LaTeX Info: Redefining \[ on input line 2938.
LaTeX Info: Redefining \] on input line 2939.
) (/usr/local/texlive/2022/texmf-dist/tex/latex/amscls/amsthm.sty
Package: amsthm 2020/05/29 v2.20.6
\thm@style=\toks25
\thm@bodyfont=\toks26
\thm@headfont=\toks27
\thm@notefont=\toks28
\thm@headpunct=\toks29
\thm@preskip=\skip54
\thm@postskip=\skip55
\thm@headsep=\skip56
\dth@everypar=\toks30
) (/usr/local/texlive/2022/texmf-dist/tex/latex/amsfonts/amsfonts.sty
Package: amsfonts 2013/01/14 v3.01 Basic AMSFonts support
\symAMSa=\mathgroup4
\symAMSb=\mathgroup5
LaTeX Font Info:    Redeclaring math symbol \hbar on input line 98.
LaTeX Font Info:    Overwriting math alphabet `\mathfrak' in version `bold'
(Font)                  U/euf/m/n --> U/euf/b/n on input line 106.
) (/usr/local/texlive/2022/texmf-dist/tex/latex/jknapltx/mathrsfs.sty
Package: mathrsfs 1996/01/01 Math RSFS package v1.0 (jk)
\symrsfs=\mathgroup6
) (/usr/local/texlive/2022/texmf-dist/tex/latex/fourier/fourier.sty
Package: fourier 2022/02/05 2.3 fourier-GUTenberg package
Now handling font encoding FML ...
... no UTF-8 mapping file for font encoding FML
Now handling font encoding FMS ...
... no UTF-8 mapping file for font encoding FMS
Now handling font encoding FMX ...
... no UTF-8 mapping file for font encoding FMX
 (/usr/local/texlive/2022/texmf-dist/tex/latex/base/fontenc.sty
Package: fontenc 2021/04/29 v2.0v Standard LaTeX package
LaTeX Font Info:    Trying to load font information for T1+futs on input line 112.
 (/usr/local/texlive/2022/texmf-dist/tex/latex/fourier/t1futs.fd
File: t1futs.fd 2004/03/02 Fontinst v1.926 font definitions for T1/futs.
)) (/usr/local/texlive/2022/texmf-dist/tex/latex/base/textcomp.sty
Package: textcomp 2020/02/02 v2.0n Standard LaTeX package
) (/usr/local/texlive/2022/texmf-dist/tex/latex/fourier/fourier-orns.sty
Package: fourier-orns 2022/02/05 2.3 fourier-ornaments package
)
LaTeX Font Info:    Redeclaring symbol font `operators' on input line 63.
LaTeX Font Info:    Encoding `OT1' has changed to `T1' for symbol font
(Font)              `operators' in the math version `normal' on input line 63.
LaTeX Font Info:    Overwriting symbol font `operators' in version `normal'
(Font)                  OT1/cmr/m/n --> T1/futs/m/n on input line 63.
LaTeX Font Info:    Encoding `OT1' has changed to `T1' for symbol font
(Font)              `operators' in the math version `bold' on input line 63.
LaTeX Font Info:    Overwriting symbol font `operators' in version `bold'
(Font)                  OT1/cmr/bx/n --> T1/futs/m/n on input line 63.
LaTeX Font Info:    Overwriting symbol font `operators' in version `bold'
(Font)                  T1/futs/m/n --> T1/futs/b/n on input line 64.
LaTeX Font Info:    Redeclaring symbol font `letters' on input line 72.
LaTeX Font Info:    Encoding `OML' has changed to `FML' for symbol font
(Font)              `letters' in the math version `normal' on input line 72.
LaTeX Font Info:    Overwriting symbol font `letters' in version `normal'
(Font)                  OML/cmm/m/it --> FML/futmi/m/it on input line 72.
LaTeX Font Info:    Encoding `OML' has changed to `FML' for symbol font
(Font)              `letters' in the math version `bold' on input line 72.
LaTeX Font Info:    Overwriting symbol font `letters' in version `bold'
(Font)                  OML/cmm/b/it --> FML/futmi/m/it on input line 72.
\symotherletters=\mathgroup7
LaTeX Font Info:    Overwriting symbol font `letters' in version `bold'
(Font)                  FML/futmi/m/it --> FML/futmi/b/it on input line 74.
LaTeX Font Info:    Overwriting symbol font `otherletters' in version `bold'
(Font)                  FML/futm/m/it --> FML/futm/b/it on input line 75.
LaTeX Font Info:    Redeclaring math symbol \Gamma on input line 76.
LaTeX Font Info:    Redeclaring math symbol \Delta on input line 77.
LaTeX Font Info:    Redeclaring math symbol \Theta on input line 78.
LaTeX Font Info:    Redeclaring math symbol \Lambda on input line 79.
LaTeX Font Info:    Redeclaring math symbol \Xi on input line 80.
LaTeX Font Info:    Redeclaring math symbol \Pi on input line 81.
LaTeX Font Info:    Redeclaring math symbol \Sigma on input line 82.
LaTeX Font Info:    Redeclaring math symbol \Upsilon on input line 83.
LaTeX Font Info:    Redeclaring math symbol \Phi on input line 84.
LaTeX Font Info:    Redeclaring math symbol \Psi on input line 85.
LaTeX Font Info:    Redeclaring math symbol \Omega on input line 86.
LaTeX Font Info:    Redeclaring symbol font `symbols' on input line 126.
LaTeX Font Info:    Encoding `OMS' has changed to `FMS' for symbol font
(Font)              `symbols' in the math version `normal' on input line 126.
LaTeX Font Info:    Overwriting symbol font `symbols' in version `normal'
(Font)                  OMS/cmsy/m/n --> FMS/futm/m/n on input line 126.
LaTeX Font Info:    Encoding `OMS' has changed to `FMS' for symbol font
(Font)              `symbols' in the math version `bold' on input line 126.
LaTeX Font Info:    Overwriting symbol font `symbols' in version `bold'
(Font)                  OMS/cmsy/b/n --> FMS/futm/m/n on input line 126.
LaTeX Font Info:    Redeclaring symbol font `largesymbols' on input line 127.
LaTeX Font Info:    Encoding `OMX' has changed to `FMX' for symbol font
(Font)              `largesymbols' in the math version `normal' on input line 127.
LaTeX Font Info:    Overwriting symbol font `largesymbols' in version `normal'
(Font)                  OMX/cmex/m/n --> FMX/futm/m/n on input line 127.
LaTeX Font Info:    Encoding `OMX' has changed to `FMX' for symbol font
(Font)              `largesymbols' in the math version `bold' on input line 127.
LaTeX Font Info:    Overwriting symbol font `largesymbols' in version `bold'
(Font)                  OMX/cmex/m/n --> FMX/futm/m/n on input line 127.
LaTeX Font Info:    Redeclaring math alphabet \mathbf on input line 128.
LaTeX Font Info:    Overwriting math alphabet `\mathbf' in version `normal'
(Font)                  OT1/cmr/bx/n --> T1/futs/bx/n on input line 128.
LaTeX Font Info:    Overwriting math alphabet `\mathbf' in version `bold'
(Font)                  OT1/cmr/bx/n --> T1/futs/bx/n on input line 128.
LaTeX Font Info:    Redeclaring math alphabet \mathrm on input line 129.
LaTeX Font Info:    Redeclaring math alphabet \mathit on input line 130.
LaTeX Font Info:    Overwriting math alphabet `\mathit' in version `normal'
(Font)                  OT1/cmr/m/it --> T1/futs/m/it on input line 130.
LaTeX Font Info:    Overwriting math alphabet `\mathit' in version `bold'
(Font)                  OT1/cmr/bx/it --> T1/futs/m/it on input line 130.
LaTeX Font Info:    Redeclaring math alphabet \mathcal on input line 131.
LaTeX Font Info:    Redeclaring math symbol \parallel on input line 147.
LaTeX Font Info:    Redeclaring math symbol \hbar on input line 161.
LaTeX Font Info:    Redeclaring math symbol \square on input line 166.
LaTeX Font Info:    Redeclaring math symbol \varkappa on input line 199.
LaTeX Font Info:    Redeclaring math symbol \varvarrho on input line 200.
LaTeX Font Info:    Redeclaring math delimiter \Vert on input line 223.
LaTeX Font Info:    Redeclaring math delimiter \vert on input line 228.
LaTeX Font Info:    Redeclaring math delimiter \lvert on input line 230.
LaTeX Font Info:    Redeclaring math delimiter \rvert on input line 232.
LaTeX Font Info:    Redeclaring math delimiter \lVert on input line 234.
LaTeX Font Info:    Redeclaring math delimiter \rVert on input line 236.
LaTeX Font Info:    Redeclaring math delimiter \Downarrow on input line 238.
LaTeX Font Info:    Redeclaring math delimiter \backslash on input line 240.
LaTeX Font Info:    Redeclaring math delimiter \rangle on input line 242.
LaTeX Font Info:    Redeclaring math delimiter \langle on input line 244.
LaTeX Font Info:    Redeclaring math delimiter \rbrace on input line 246.
LaTeX Font Info:    Redeclaring math delimiter \lbrace on input line 248.
LaTeX Font Info:    Redeclaring math delimiter \rceil on input line 250.
LaTeX Font Info:    Redeclaring math delimiter \lceil on input line 252.
LaTeX Font Info:    Redeclaring math delimiter \rfloor on input line 254.
LaTeX Font Info:    Redeclaring math delimiter \lfloor on input line 256.
LaTeX Font Info:    Redeclaring math accent \acute on input line 260.
LaTeX Font Info:    Redeclaring math accent \grave on input line 261.
LaTeX Font Info:    Redeclaring math accent \ddot on input line 262.
LaTeX Font Info:    Redeclaring math accent \tilde on input line 263.
LaTeX Font Info:    Redeclaring math accent \bar on input line 264.
LaTeX Font Info:    Redeclaring math accent \breve on input line 265.
LaTeX Font Info:    Redeclaring math accent \check on input line 266.
LaTeX Font Info:    Redeclaring math accent \hat on input line 267.
LaTeX Font Info:    Redeclaring math accent \dot on input line 268.
LaTeX Font Info:    Redeclaring math accent \mathring on input line 269.
\symUfutm=\mathgroup8
) (/usr/local/texlive/2022/texmf-dist/tex/latex/amsfonts/amssymb.sty
Package: amssymb 2013/01/14 v3.01 AMS font symbols
LaTeX Font Info:    Redeclaring math symbol \blacksquare on input line 48.
LaTeX Font Info:    Redeclaring math symbol \vDash on input line 60.
LaTeX Font Info:    Redeclaring math symbol \leftleftarrows on input line 63.
LaTeX Font Info:    Redeclaring math symbol \rightrightarrows on input line 64.
LaTeX Font Info:    Redeclaring math symbol \leqslant on input line 101.
LaTeX Font Info:    Redeclaring math symbol \geqslant on input line 108.
LaTeX Font Info:    Redeclaring math symbol \blacktriangleright on input line 120.
LaTeX Font Info:    Redeclaring math symbol \blacktriangleleft on input line 121.
LaTeX Font Info:    Redeclaring math symbol \complement on input line 165.
LaTeX Font Info:    Redeclaring math symbol \intercal on input line 166.
LaTeX Font Info:    Redeclaring math symbol \nleqslant on input line 181.
LaTeX Font Info:    Redeclaring math symbol \ngeqslant on input line 182.
LaTeX Font Info:    Redeclaring math symbol \varsubsetneq on input line 203.
LaTeX Font Info:    Redeclaring math symbol \subsetneqq on input line 207.
LaTeX Font Info:    Redeclaring math symbol \nparallel on input line 215.
LaTeX Font Info:    Redeclaring math symbol \nvDash on input line 221.
LaTeX Font Info:    Redeclaring math symbol \nexists on input line 235.
LaTeX Font Info:    Redeclaring math symbol \smallsetminus on input line 251.
LaTeX Font Info:    Redeclaring math symbol \curvearrowleft on input line 257.
LaTeX Font Info:    Redeclaring math symbol \curvearrowright on input line 258.
LaTeX Font Info:    Redeclaring math symbol \varkappa on input line 260.
LaTeX Font Info:    Redeclaring math symbol \hslash on input line 262.
)
\c@remark=\count278
\c@proposition=\count279
\c@lemma=\count280
\c@corollary=\count281
 (/usr/local/texlive/2022/texmf-dist/tex/latex/subfigure/subfigure.sty
Package: subfigure 2002/03/15 v2.1.5 subfigure package
\subfigtopskip=\skip57
\subfigcapskip=\skip58
\subfigcaptopadj=\dimen159
\subfigbottomskip=\skip59
\subfigcapmargin=\dimen160
\subfiglabelskip=\skip60
\c@subfigure=\count282
\c@lofdepth=\count283
\c@subtable=\count284
\c@lotdepth=\count285

****************************************
* Local config file subfigure.cfg used *
****************************************
(/usr/local/texlive/2022/texmf-dist/tex/latex/subfigure/subfigure.cfg)
\subfig@top=\skip61
\subfig@bottom=\skip62
) (/usr/local/texlive/2022/texmf-dist/tex/latex/subfigmat/subfigmat.sty
Package: subfigmat 1999/02/27 v1.0 Subfigure Matrix Package
\sfm@width=\skip63
\sfmcolsep=\skip64
\c@sfm@count=\count286
) (/usr/local/texlive/2022/texmf-dist/tex/latex/tools/dcolumn.sty
Package: dcolumn 2014/10/28 v1.06 decimal alignment package (DPC)
 (/usr/local/texlive/2022/texmf-dist/tex/latex/tools/array.sty
Package: array 2021/10/04 v2.5f Tabular extension package (FMi)
\col@sep=\dimen161
\ar@mcellbox=\box52
\extrarowheight=\dimen162
\NC@list=\toks31
\extratabsurround=\skip65
\backup@length=\skip66
\ar@cellbox=\box53
)) (/usr/local/texlive/2022/texmf-dist/tex/latex/nomencl/nomencl.sty
Package: nomencl 2021/11/10 v5.6 Nomenclature package
 (/usr/local/texlive/2022/texmf-dist/tex/latex/xkeyval/xkeyval.sty
Package: xkeyval 2020/11/20 v2.8 package option processing (HA)
 (/usr/local/texlive/2022/texmf-dist/tex/generic/xkeyval/xkeyval.tex (/usr/local/texlive/2022/texmf-dist/tex/generic/xkeyval/xkvutils.tex
\XKV@toks=\toks32
\XKV@tempa@toks=\toks33
)
\XKV@depth=\count287
File: xkeyval.tex 2014/12/03 v2.7a key=value parser (HA)
)) (/usr/local/texlive/2022/texmf-dist/tex/latex/base/ifthen.sty
Package: ifthen 2020/11/24 v1.1c Standard LaTeX ifthen package (DPC)
) (/usr/local/texlive/2022/texmf-dist/tex/latex/koma-script/tocbasic.sty
Package: tocbasic 2021/11/13 v3.35 KOMA-Script package (handling toc-files)
 (/usr/local/texlive/2022/texmf-dist/tex/latex/koma-script/scrbase.sty
Package: scrbase 2021/11/13 v3.35 KOMA-Script package (KOMA-Script-independent basics and keyval usage)
 (/usr/local/texlive/2022/texmf-dist/tex/latex/koma-script/scrlfile.sty
Package: scrlfile 2021/11/13 v3.35 KOMA-Script package (file load hooks)
 (/usr/local/texlive/2022/texmf-dist/tex/latex/koma-script/scrlfile-hook.sty
Package: scrlfile-hook 2021/11/13 v3.35 KOMA-Script package (using LaTeX hooks)
 (/usr/local/texlive/2022/texmf-dist/tex/latex/koma-script/scrlogo.sty
Package: scrlogo 2021/11/13 v3.35 KOMA-Script package (logo)
)))
Applying: [2021/05/01] Usage of raw or classic option list on input line 252.
Already applied: [0000/00/00] Usage of raw or classic option list on input line 368.
)
\scr@dte@tocline@numberwidth=\skip67
\scr@dte@tocline@numbox=\box54
)
Package tocbasic Info: setting babel extension for `nlo' on input line 187.
Package tocbasic Info: setting babel extension for `nls' on input line 188.
\nomlabelwidth=\dimen163
\nom@tempdim=\dimen164
\nomitemsep=\skip68
)
\@nomenclaturefile=\write3
\openout3 = `Thesis.nlo'.

Package nomencl Info: Writing nomenclature file Thesis.nlo on input line 420.
 (./glossary.sty
Package: glossary 2006/07/20 2.4 (NLCT)
\gls@cols=\count288

No configuration file glossary.cfg found
(/usr/local/texlive/2022/texmf-dist/tex/latex/tools/longtable.sty
Package: longtable 2021-09-01 v4.17 Multi-page Table package (DPC)
\LTleft=\skip69
\LTright=\skip70
\LTpre=\skip71
\LTpost=\skip72
\LTchunksize=\count289
\LTcapwidth=\dimen165
\LT@head=\box55
\LT@firsthead=\box56
\LT@foot=\box57
\LT@lastfoot=\box58
\LT@gbox=\box59
\LT@cols=\count290
\LT@rows=\count291
\c@LT@tables=\count292
\c@LT@chunks=\count293
\LT@p@ftn=\toks34
)
\descriptionwidth=\skip73
\istfile=\write4
)
\@glossaryfile=\write5
\openout5 = `Thesis.glo'.


Writing glossary file Thesis.glo 
(/usr/local/texlive/2022/texmf-dist/tex/latex/graphics/rotating.sty
Package: rotating 2016/08/11 v2.16d rotated objects in LaTeX
\c@r@tfl@t=\count294
\rotFPtop=\skip74
\rotFPbot=\skip75
\rot@float@box=\box60
\rot@mess@toks=\toks35
) (/usr/local/texlive/2022/texmf-dist/tex/latex/hyperref/hyperref.sty
Package: hyperref 2022-02-21 v7.00n Hypertext links for LaTeX
 (/usr/local/texlive/2022/texmf-dist/tex/generic/ltxcmds/ltxcmds.sty
Package: ltxcmds 2020-05-10 v1.25 LaTeX kernel commands for general use (HO)
) (/usr/local/texlive/2022/texmf-dist/tex/generic/pdftexcmds/pdftexcmds.sty
Package: pdftexcmds 2020-06-27 v0.33 Utility functions of pdfTeX for LuaTeX (HO)
 (/usr/local/texlive/2022/texmf-dist/tex/generic/infwarerr/infwarerr.sty
Package: infwarerr 2019/12/03 v1.5 Providing info/warning/error messages (HO)
)
Package pdftexcmds Info: \pdf@primitive is available.
Package pdftexcmds Info: \pdf@ifprimitive is available.
Package pdftexcmds Info: \pdfdraftmode found.
) (/usr/local/texlive/2022/texmf-dist/tex/generic/kvsetkeys/kvsetkeys.sty
Package: kvsetkeys 2019/12/15 v1.18 Key value parser (HO)
) (/usr/local/texlive/2022/texmf-dist/tex/generic/kvdefinekeys/kvdefinekeys.sty
Package: kvdefinekeys 2019-12-19 v1.6 Define keys (HO)
) (/usr/local/texlive/2022/texmf-dist/tex/generic/pdfescape/pdfescape.sty
Package: pdfescape 2019/12/09 v1.15 Implements pdfTeX's escape features (HO)
) (/usr/local/texlive/2022/texmf-dist/tex/latex/hycolor/hycolor.sty
Package: hycolor 2020-01-27 v1.10 Color options for hyperref/bookmark (HO)
) (/usr/local/texlive/2022/texmf-dist/tex/latex/letltxmacro/letltxmacro.sty
Package: letltxmacro 2019/12/03 v1.6 Let assignment for LaTeX macros (HO)
) (/usr/local/texlive/2022/texmf-dist/tex/latex/auxhook/auxhook.sty
Package: auxhook 2019-12-17 v1.6 Hooks for auxiliary files (HO)
) (/usr/local/texlive/2022/texmf-dist/tex/latex/kvoptions/kvoptions.sty
Package: kvoptions 2020-10-07 v3.14 Key value format for package options (HO)
)
\@linkdim=\dimen166
\Hy@linkcounter=\count295
\Hy@pagecounter=\count296
 (/usr/local/texlive/2022/texmf-dist/tex/latex/hyperref/pd1enc.def
File: pd1enc.def 2022-02-21 v7.00n Hyperref: PDFDocEncoding definition (HO)
Now handling font encoding PD1 ...
... no UTF-8 mapping file for font encoding PD1
) (/usr/local/texlive/2022/texmf-dist/tex/generic/intcalc/intcalc.sty
Package: intcalc 2019/12/15 v1.3 Expandable calculations with integers (HO)
) (/usr/local/texlive/2022/texmf-dist/tex/generic/etexcmds/etexcmds.sty
Package: etexcmds 2019/12/15 v1.7 Avoid name clashes with e-TeX commands (HO)
)
\Hy@SavedSpaceFactor=\count297
 (/usr/local/texlive/2022/texmf-dist/tex/latex/hyperref/puenc.def
File: puenc.def 2022-02-21 v7.00n Hyperref: PDF Unicode definition (HO)
Now handling font encoding PU ...
... no UTF-8 mapping file for font encoding PU
)
Package hyperref Info: Hyper figures OFF on input line 4137.
Package hyperref Info: Link nesting OFF on input line 4142.
Package hyperref Info: Hyper index ON on input line 4145.
Package hyperref Info: Plain pages OFF on input line 4152.
Package hyperref Info: Backreferencing OFF on input line 4157.
Package hyperref Info: Implicit mode ON; LaTeX internals redefined.
Package hyperref Info: Bookmarks ON on input line 4390.
\c@Hy@tempcnt=\count298
 (/usr/local/texlive/2022/texmf-dist/tex/latex/url/url.sty
\Urlmuskip=\muskip17
Package: url 2013/09/16  ver 3.4  Verb mode for urls, etc.
)
LaTeX Info: Redefining \url on input line 4749.
\XeTeXLinkMargin=\dimen167
 (/usr/local/texlive/2022/texmf-dist/tex/generic/bitset/bitset.sty
Package: bitset 2019/12/09 v1.3 Handle bit-vector datatype (HO)
 (/usr/local/texlive/2022/texmf-dist/tex/generic/bigintcalc/bigintcalc.sty
Package: bigintcalc 2019/12/15 v1.5 Expandable calculations on big integers (HO)
))
\Fld@menulength=\count299
\Field@Width=\dimen168
\Fld@charsize=\dimen169
Package hyperref Info: Hyper figures OFF on input line 6027.
Package hyperref Info: Link nesting OFF on input line 6032.
Package hyperref Info: Hyper index ON on input line 6035.
Package hyperref Info: backreferencing OFF on input line 6042.
Package hyperref Info: Link coloring OFF on input line 6047.
Package hyperref Info: Link coloring with OCG OFF on input line 6052.
Package hyperref Info: PDF/A mode OFF on input line 6057.
LaTeX Info: Redefining \ref on input line 6097.
LaTeX Info: Redefining \pageref on input line 6101.
 (/usr/local/texlive/2022/texmf-dist/tex/latex/base/atbegshi-ltx.sty
Package: atbegshi-ltx 2021/01/10 v1.0c Emulation of the original atbegshi
package with kernel methods
)
\Hy@abspage=\count300
\c@Item=\count301
\c@Hfootnote=\count302
)
Package hyperref Info: Driver: hpdftex.
 (/usr/local/texlive/2022/texmf-dist/tex/latex/hyperref/hpdftex.def
File: hpdftex.def 2022-02-21 v7.00n Hyperref driver for pdfTeX
 (/usr/local/texlive/2022/texmf-dist/tex/latex/base/atveryend-ltx.sty
Package: atveryend-ltx 2020/08/19 v1.0a Emulation of the original atveryend package
with kernel methods
)
\Fld@listcount=\count303
\c@bookmark@seq@number=\count304
 (/usr/local/texlive/2022/texmf-dist/tex/latex/rerunfilecheck/rerunfilecheck.sty
Package: rerunfilecheck 2019/12/05 v1.9 Rerun checks for auxiliary files (HO)
 (/usr/local/texlive/2022/texmf-dist/tex/generic/uniquecounter/uniquecounter.sty
Package: uniquecounter 2019/12/15 v1.4 Provide unlimited unique counter (HO)
)
Package uniquecounter Info: New unique counter `rerunfilecheck' on input line 286.
)
\Hy@SectionHShift=\skip76
)
Package hyperref Info: Option `colorlinks' set `true' on input line 523.


Package hyperref Warning: Option `pagecolor' is not available anymore.


Package hyperref Warning: Option `bookmarks' has already been used,
(hyperref)                setting the option has no effect on input line 523.

Package hyperref Info: Option `bookmarksopen' set `false' on input line 523.
Package hyperref Info: Option `bookmarksnumbered' set `true' on input line 523.
Package hyperref Info: Option `pdfdisplaydoctitle' set `true' on input line 523.
(/usr/local/texlive/2022/texmf-dist/tex/latex/oberdiek/hypcap.sty
Package: hypcap 2016/05/16 v1.12 Adjusting the anchors of captions (HO)
) (/usr/local/texlive/2022/texmf-dist/tex/latex/multirow/multirow.sty
Package: multirow 2021/03/15 v2.8 Span multiple rows of a table
\multirow@colwidth=\skip77
\multirow@cntb=\count305
\multirow@dima=\skip78
\bigstrutjot=\dimen170
) (/usr/local/texlive/2022/texmf-dist/tex/latex/booktabs/booktabs.sty
Package: booktabs 2020/01/12 v1.61803398 Publication quality tables
\heavyrulewidth=\dimen171
\lightrulewidth=\dimen172
\cmidrulewidth=\dimen173
\belowrulesep=\dimen174
\belowbottomsep=\dimen175
\aboverulesep=\dimen176
\abovetopsep=\dimen177
\cmidrulesep=\dimen178
\cmidrulekern=\dimen179
\defaultaddspace=\dimen180
\@cmidla=\count306
\@cmidlb=\count307
\@aboverulesep=\dimen181
\@belowrulesep=\dimen182
\@thisruleclass=\count308
\@lastruleclass=\count309
\@thisrulewidth=\dimen183
) (/usr/local/texlive/2022/texmf-dist/tex/latex/pdfpages/pdfpages.sty
Package: pdfpages 2022/01/29 v0.5u Insert pages of external PDF documents (AM)
 (/usr/local/texlive/2022/texmf-dist/tex/latex/tools/calc.sty
Package: calc 2017/05/25 v4.3 Infix arithmetic (KKT,FJ)
\calc@Acount=\count310
\calc@Bcount=\count311
\calc@Adimen=\dimen184
\calc@Bdimen=\dimen185
\calc@Askip=\skip79
\calc@Bskip=\skip80
LaTeX Info: Redefining \setlength on input line 80.
LaTeX Info: Redefining \addtolength on input line 81.
\calc@Ccount=\count312
\calc@Cskip=\skip81
) (/usr/local/texlive/2022/texmf-dist/tex/latex/eso-pic/eso-pic.sty
Package: eso-pic 2020/10/14 v3.0a eso-pic (RN)
\ESO@tempdima=\dimen186
\ESO@tempdimb=\dimen187
 (/usr/local/texlive/2022/texmf-dist/tex/latex/xcolor/xcolor.sty
Package: xcolor 2021/10/31 v2.13 LaTeX color extensions (UK)
 (/usr/local/texlive/2022/texmf-dist/tex/latex/graphics-cfg/color.cfg
File: color.cfg 2016/01/02 v1.6 sample color configuration
)
Package xcolor Info: Driver file: pdftex.def on input line 227.
Package xcolor Info: Model `cmy' substituted by `cmy0' on input line 1352.
Package xcolor Info: Model `hsb' substituted by `rgb' on input line 1356.
Package xcolor Info: Model `RGB' extended on input line 1368.
Package xcolor Info: Model `HTML' substituted by `rgb' on input line 1370.
Package xcolor Info: Model `Hsb' substituted by `hsb' on input line 1371.
Package xcolor Info: Model `tHsb' substituted by `hsb' on input line 1372.
Package xcolor Info: Model `HSB' substituted by `hsb' on input line 1373.
Package xcolor Info: Model `Gray' substituted by `gray' on input line 1374.
Package xcolor Info: Model `wave' substituted by `hsb' on input line 1375.
))
\AM@pagewidth=\dimen188
\AM@pageheight=\dimen189
\AM@fboxrule=\dimen190
 (/usr/local/texlive/2022/texmf-dist/tex/latex/pdfpages/pppdftex.def
File: pppdftex.def 2022/01/29 v0.5u Pdfpages driver for pdfTeX (AM)
)
\pdfpages@includegraphics@status=\count313
\AM@pagebox=\box61
\AM@global@opts=\toks36
\AM@pagecnt=\count314
\AM@toc@title=\toks37
\c@AM@survey=\count315
\AM@templatesizebox=\box62
) (/usr/local/texlive/2022/texmf-dist/tex/latex/algorithms/algorithm.sty
Package: algorithm 2009/08/24 v0.1 Document Style `algorithm' - floating environment
 (/usr/local/texlive/2022/texmf-dist/tex/latex/float/float.sty
Package: float 2001/11/08 v1.3d Float enhancements (AL)
\c@float@type=\count316
\float@exts=\toks38
\float@box=\box63
\@float@everytoks=\toks39
\@floatcapt=\box64
)
\@float@every@algorithm=\toks40
\c@algorithm=\count317
) (/usr/local/texlive/2022/texmf-dist/tex/latex/algorithmicx/algpseudocode.sty
Package: algpseudocode 
 (/usr/local/texlive/2022/texmf-dist/tex/latex/algorithmicx/algorithmicx.sty
Package: algorithmicx 2005/04/27 v1.2 Algorithmicx

Document Style algorithmicx 1.2 - a greatly improved `algorithmic' style
\c@ALG@line=\count318
\c@ALG@rem=\count319
\c@ALG@nested=\count320
\ALG@tlm=\skip82
\ALG@thistlm=\skip83
\c@ALG@Lnr=\count321
\c@ALG@blocknr=\count322
\c@ALG@storecount=\count323
\c@ALG@tmpcounter=\count324
\ALG@tmplength=\skip84
)
Document Style - pseudocode environments for use with the `algorithmicx' style
)) (/usr/local/texlive/2022/texmf-dist/tex/latex/l3backend/l3backend-pdftex.def
File: l3backend-pdftex.def 2022-02-07 L3 backend support: PDF output (pdfTeX)
\l__color_backend_stack_int=\count325
\l__pdf_internal_box=\box65
) (Output/Thesis.aux

LaTeX Warning: Label `eq:defQ1' multiply defined.

)
\openout1 = `Thesis.aux'.

LaTeX Font Info:    Checking defaults for OML/cmm/m/it on input line 81.
LaTeX Font Info:    ... okay on input line 81.
LaTeX Font Info:    Checking defaults for OMS/cmsy/m/n on input line 81.
LaTeX Font Info:    ... okay on input line 81.
LaTeX Font Info:    Checking defaults for OT1/cmr/m/n on input line 81.
LaTeX Font Info:    ... okay on input line 81.
LaTeX Font Info:    Checking defaults for T1/cmr/m/n on input line 81.
LaTeX Font Info:    ... okay on input line 81.
LaTeX Font Info:    Checking defaults for TS1/cmr/m/n on input line 81.
LaTeX Font Info:    ... okay on input line 81.
LaTeX Font Info:    Checking defaults for OMX/cmex/m/n on input line 81.
LaTeX Font Info:    ... okay on input line 81.
LaTeX Font Info:    Checking defaults for U/cmr/m/n on input line 81.
LaTeX Font Info:    ... okay on input line 81.
LaTeX Font Info:    Checking defaults for FML/futm/m/it on input line 81.
LaTeX Font Info:    Trying to load font information for FML+futm on input line 81.
 (/usr/local/texlive/2022/texmf-dist/tex/latex/fourier/fmlfutm.fd
File: fmlfutm.fd 2004/10/30 Fontinst v1.926 font definitions for FML/futm.
)
LaTeX Font Info:    ... okay on input line 81.
LaTeX Font Info:    Checking defaults for FMS/futm/m/n on input line 81.
LaTeX Font Info:    Trying to load font information for FMS+futm on input line 81.
 (/usr/local/texlive/2022/texmf-dist/tex/latex/fourier/fmsfutm.fd
File: fmsfutm.fd 2004/10/30 Fontinst v1.926 font definitions for FMS/futm.
)
LaTeX Font Info:    ... okay on input line 81.
LaTeX Font Info:    Checking defaults for FMX/futm/m/n on input line 81.
LaTeX Font Info:    Trying to load font information for FMX+futm on input line 81.
 (/usr/local/texlive/2022/texmf-dist/tex/latex/fourier/fmxfutm.fd
File: fmxfutm.fd futm-extension
)
LaTeX Font Info:    ... okay on input line 81.
LaTeX Font Info:    Checking defaults for PD1/pdf/m/n on input line 81.
LaTeX Font Info:    ... okay on input line 81.
LaTeX Font Info:    Checking defaults for PU/pdf/m/n on input line 81.
LaTeX Font Info:    ... okay on input line 81.

*geometry* driver: auto-detecting
*geometry* detected driver: pdftex

Package geometry Warning: The marginal notes overrun the paper.
     Add 50.86812pt and more to the right margin.

*geometry* verbose mode - [ preamble ] result:
* driver: pdftex
* paper: a4paper
* layout: <same size as paper>
* layoutoffset:(h,v)=(0.0pt,0.0pt)
* modes: twoside 
* h-part:(L,W,R)=(71.13188pt, 455.24411pt, 71.13188pt)
* v-part:(T,H,B)=(71.13188pt, 702.78308pt, 71.13188pt)
* \paperwidth=597.50787pt
* \paperheight=845.04684pt
* \textwidth=455.24411pt
* \textheight=702.78308pt
* \oddsidemargin=-1.1381pt
* \evensidemargin=-1.1381pt
* \topmargin=-38.1381pt
* \headheight=12.0pt
* \headsep=25.0pt
* \topskip=10.0pt
* \footskip=30.0pt
* \marginparwidth=111.0pt
* \marginparsep=11.0pt
* \columnsep=10.0pt
* \skip\footins=9.0pt plus 4.0pt minus 2.0pt
* \hoffset=0.0pt
* \voffset=0.0pt
* \mag=1000
* \@twocolumnfalse
* \@twosidetrue
* \@mparswitchtrue
* \@reversemarginfalse
* (1in=72.27pt=25.4mm, 1cm=28.453pt)

(/usr/local/texlive/2022/texmf-dist/tex/context/base/mkii/supp-pdf.mkii
[Loading MPS to PDF converter (version 2006.09.02).]
\scratchcounter=\count326
\scratchdimen=\dimen191
\scratchbox=\box66
\nofMPsegments=\count327
\nofMParguments=\count328
\everyMPshowfont=\toks41
\MPscratchCnt=\count329
\MPscratchDim=\dimen192
\MPnumerator=\count330
\makeMPintoPDFobject=\count331
\everyMPtoPDFconversion=\toks42
) (/usr/local/texlive/2022/texmf-dist/tex/latex/epstopdf-pkg/epstopdf-base.sty
Package: epstopdf-base 2020-01-24 v2.11 Base part for package epstopdf
Package epstopdf-base Info: Redefining graphics rule for `.eps' on input line 485.
 (/usr/local/texlive/2022/texmf-dist/tex/latex/latexconfig/epstopdf-sys.cfg
File: epstopdf-sys.cfg 2010/07/13 v1.3 Configuration of (r)epstopdf for TeX Live
))
LaTeX Font Info:    Redeclaring math accent \widehat on input line 81.
LaTeX Font Info:    Redeclaring math accent \widetilde on input line 81.
Package hyperref Info: Link coloring ON on input line 81.
 (/usr/local/texlive/2022/texmf-dist/tex/latex/hyperref/nameref.sty
Package: nameref 2021-04-02 v2.47 Cross-referencing by name of section
 (/usr/local/texlive/2022/texmf-dist/tex/latex/refcount/refcount.sty
Package: refcount 2019/12/15 v3.6 Data extraction from label references (HO)
) (/usr/local/texlive/2022/texmf-dist/tex/generic/gettitlestring/gettitlestring.sty
Package: gettitlestring 2019/12/15 v1.6 Cleanup title references (HO)
)
\c@section@level=\count332
)
LaTeX Info: Redefining \ref on input line 81.
LaTeX Info: Redefining \pageref on input line 81.
LaTeX Info: Redefining \nameref on input line 81.
 (Output/Thesis.out) (Output/Thesis.out)
\@outlinefile=\write6
\openout6 = `Thesis.out'.

 (/usr/local/texlive/2022/texmf-dist/tex/latex/pdflscape/pdflscape.sty
Package: pdflscape 2019/12/05 v0.12 Display of landscape pages in PDF (HO)
 (/usr/local/texlive/2022/texmf-dist/tex/latex/graphics/lscape.sty
Package: lscape 2020/05/28 v3.02 Landscape Pages (DPC)
)
Package pdflscape Info: Auto-detected driver: pdftex on input line 81.
) (./Modules/FrontCover.tex
Package pdftex.def Info: Option `bb' equivalent to `viewport' with the pdftex driver on input line 15.
<Figures/Logos/IST_A_CMYK_POS.pdf, id=96, 845.0471pt x 597.51233pt>
File: Figures/Logos/IST_A_CMYK_POS.pdf Graphic file (type pdf)
<use Figures/Logos/IST_A_CMYK_POS.pdf>
Package pdftex.def Info: Figures/Logos/IST_A_CMYK_POS.pdf  used on input line 15.
(pdftex.def)             Requested size: -78.38533pt x -90.76195pt.
LaTeX Font Info:    Trying to load font information for T1+phv on input line 21.
 (/usr/local/texlive/2022/texmf-dist/tex/latex/psnfss/t1phv.fd
File: t1phv.fd 2020/03/25 scalable font definitions for T1/phv.
)
LaTeX Font Info:    Trying to load font information for FML+futmi on input line 33.
 (/usr/local/texlive/2022/texmf-dist/tex/latex/fourier/fmlfutmi.fd
File: fmlfutmi.fd 2004/10/30 Fontinst v1.926 font definitions for FML/futmi.
)
LaTeX Font Info:    Font shape `FMX/futm/m/n' will be
(Font)              scaled to size 11.03998pt on input line 33.
LaTeX Font Info:    Font shape `FMX/futm/m/n' will be
(Font)              scaled to size 8.27998pt on input line 33.
LaTeX Font Info:    Font shape `FMX/futm/m/n' will be
(Font)              scaled to size 6.43999pt on input line 33.
LaTeX Font Info:    Trying to load font information for U+msa on input line 33.
 (/usr/local/texlive/2022/texmf-dist/tex/latex/amsfonts/umsa.fd
File: umsa.fd 2013/01/14 v3.01 AMS symbols A
)
LaTeX Font Info:    Trying to load font information for U+msb on input line 33.
 (/usr/local/texlive/2022/texmf-dist/tex/latex/amsfonts/umsb.fd
File: umsb.fd 2013/01/14 v3.01 AMS symbols B
)
LaTeX Font Info:    Trying to load font information for U+rsfs on input line 33.
 (/usr/local/texlive/2022/texmf-dist/tex/latex/jknapltx/ursfs.fd
File: ursfs.fd 1998/03/24 rsfs font definition file (jk)
)
LaTeX Font Info:    Font shape `U/futm/m/n' will be
(Font)              scaled to size 11.03998pt on input line 33.
LaTeX Font Info:    Font shape `U/futm/m/n' will be
(Font)              scaled to size 8.27998pt on input line 33.
LaTeX Font Info:    Font shape `U/futm/m/n' will be
(Font)              scaled to size 6.43999pt on input line 33.
) [1

\openout4 = `Thesis.ist'.

{/usr/local/texlive/2022/texmf-var/fonts/map/pdftex/updmap/pdftex.map} <./Figures/Logos/IST_A_CMYK_POS.pdf>] [2

] (./Modules/Dedication.tex [3]) [4

] (./Modules/Declaration.tex [5]) [6

] (./Modules/Acknowledgements.tex) [7] [8

] (./Modules/Resumo.tex
LaTeX Font Info:    Font shape `FMX/futm/m/n' will be
(Font)              scaled to size 9.19998pt on input line 16.
LaTeX Font Info:    Font shape `FMX/futm/m/n' will be
(Font)              scaled to size 6.99199pt on input line 16.
LaTeX Font Info:    Font shape `FMX/futm/m/n' will be
(Font)              scaled to size 5.51999pt on input line 16.
LaTeX Font Info:    Font shape `U/futm/m/n' will be
(Font)              scaled to size 9.19998pt on input line 16.
LaTeX Font Info:    Font shape `U/futm/m/n' will be
(Font)              scaled to size 6.99199pt on input line 16.
LaTeX Font Info:    Font shape `U/futm/m/n' will be
(Font)              scaled to size 5.51999pt on input line 16.
) [9] [10

] (./Modules/Abstract.tex) [11] [12

] (Output/Thesis.toc)
\tf@toc=\write7
\openout7 = `Thesis.toc'.

 [13

] [14

] (Output/Thesis.lof)
\tf@lof=\write8
\openout8 = `Thesis.lof'.

 [15


] [16

] (./Sections/1_Introduction.tex
Chapter 1.

Underfull \hbox (badness 10000) in paragraph at lines 18--19

 []


Underfull \hbox (badness 10000) in paragraph at lines 20--21

 []


Underfull \hbox (badness 10000) in paragraph at lines 22--23

 []


Underfull \hbox (badness 10000) in paragraph at lines 24--25

 []

[1



]
Underfull \hbox (badness 10000) in paragraph at lines 26--27

 []


Underfull \hbox (badness 10000) in paragraph at lines 35--36

 []


Underfull \hbox (badness 10000) in paragraph at lines 37--39

 []

[2]
Underfull \hbox (badness 10000) in paragraph at lines 43--49

 []


Underfull \hbox (badness 10000) in paragraph at lines 72--73

 []

[3] [4]
<Penrose diagram.pdf, id=266, 260.975pt x 451.6875pt>
File: Penrose diagram.pdf Graphic file (type pdf)
<use Penrose diagram.pdf>
Package pdftex.def Info: Penrose diagram.pdf  used on input line 129.
(pdftex.def)             Requested size: 136.57462pt x 236.38133pt.

Underfull \hbox (badness 10000) in paragraph at lines 127--137

 []

<spatial infinity.pdf, id=267, 597.23125pt x 845.1575pt>
File: spatial infinity.pdf Graphic file (type pdf)
<use spatial infinity.pdf>
Package pdftex.def Info: spatial infinity.pdf  used on input line 139.
(pdftex.def)             Requested size: 136.57462pt x 193.27307pt.
[5
pdfTeX warning (ext4): destination with the same identifier (name{figure.1.1}) has been already used, duplicate ignored
<argument> ...shipout:D \box_use:N \l_shipout_box 
                                                  \__shipout_drop_firstpage_...
l.141 \end{figure}
                   <./Penrose diagram.pdf>]
Underfull \hbox (badness 10000) in paragraph at lines 145--146

 []


Underfull \hbox (badness 10000) in paragraph at lines 147--148

 []


Underfull \hbox (badness 10000) in paragraph at lines 149--150

 []


Underfull \hbox (badness 10000) in paragraph at lines 151--152

 []

[6
pdfTeX warning (ext4): destination with the same identifier (name{figure.1.2}) has been already used, duplicate ignored
<argument> ...shipout:D \box_use:N \l_shipout_box 
                                                  \__shipout_drop_firstpage_...
l.152 
       <./spatial infinity.pdf>]
<penrose constants.png, id=306, 1132.23pt x 1003.75pt>
File: penrose constants.png Graphic file (type png)
<use penrose constants.png>
Package pdftex.def Info: penrose constants.png  used on input line 154.
(pdftex.def)             Requested size: 250.38564pt x 221.97438pt.

Underfull \hbox (badness 10000) in paragraph at lines 159--160

 []


Underfull \vbox (badness 4686) has occurred while \output is active []

 [7
pdfTeX warning (ext4): destination with the same identifier (name{figure.1.3}) has been already used, duplicate ignored
<argument> ...shipout:D \box_use:N \l_shipout_box 
                                                  \__shipout_drop_firstpage_...
l.172 \begin{align}
                   \label{eq:tetrad} <./penrose constants.png>]

LaTeX Warning: Command \dh invalid in math mode on input line 188.


LaTeX Warning: Command \dh invalid in math mode on input line 194.


LaTeX Warning: Command \dh invalid in math mode on input line 194.


LaTeX Warning: Command \dh invalid in math mode on input line 194.


LaTeX Warning: Command \dh invalid in math mode on input line 194.


LaTeX Warning: Command \dh invalid in math mode on input line 194.


LaTeX Warning: Command \dh invalid in math mode on input line 194.


LaTeX Warning: Command \dh invalid in math mode on input line 194.


LaTeX Warning: Command \dh invalid in math mode on input line 194.


LaTeX Warning: Command \dh invalid in math mode on input line 195.


LaTeX Warning: Command \dh invalid in math mode on input line 195.


LaTeX Warning: Command \o invalid in math mode on input line 199.


Underfull \vbox (badness 10000) has occurred while \output is active []

 [8]

LaTeX Warning: Command \dh invalid in math mode on input line 204.


LaTeX Warning: Command \o invalid in math mode on input line 204.


LaTeX Warning: Command \dh invalid in math mode on input line 208.


LaTeX Warning: Command \dh invalid in math mode on input line 208.


LaTeX Warning: Command \o invalid in math mode on input line 208.


LaTeX Warning: Command \dh invalid in math mode on input line 212.


LaTeX Warning: Command \dh invalid in math mode on input line 212.


LaTeX Warning: Command \dh invalid in math mode on input line 214.


LaTeX Warning: Command \dh invalid in math mode on input line 214.


LaTeX Warning: Command \dh invalid in math mode on input line 214.


LaTeX Warning: Command \dh invalid in math mode on input line 214.


LaTeX Warning: Command \dh invalid in math mode on input line 216.


LaTeX Warning: Command \dh invalid in math mode on input line 216.


LaTeX Warning: Command \textgreater invalid in math mode on input line 216.


LaTeX Warning: Command \dh invalid in math mode on input line 220.


LaTeX Warning: Command \dh invalid in math mode on input line 222.


LaTeX Warning: Command \dh invalid in math mode on input line 223.


LaTeX Warning: Command \dh invalid in math mode on input line 223.


LaTeX Warning: Command \dh invalid in math mode on input line 225.


LaTeX Warning: Command \dh invalid in math mode on input line 225.


Underfull \vbox (badness 10000) has occurred while \output is active []

 [9]
Underfull \hbox (badness 10000) in paragraph at lines 254--256

 []


Underfull \vbox (badness 10000) has occurred while \output is active []

 [10]

LaTeX Warning: Command \dh invalid in math mode on input line 279.


LaTeX Warning: Command \dh invalid in math mode on input line 281.


LaTeX Warning: Command \dh invalid in math mode on input line 281.


LaTeX Warning: Command \dh invalid in math mode on input line 281.


LaTeX Warning: Command \dh invalid in math mode on input line 281.


LaTeX Warning: Command \dh invalid in math mode on input line 285.


LaTeX Warning: Command \dh invalid in math mode on input line 285.


LaTeX Warning: Command \textgreater invalid in math mode on input line 285.


LaTeX Warning: Command \dh invalid in math mode on input line 290.


Underfull \vbox (badness 1072) has occurred while \output is active []

 [11]

LaTeX Warning: Command \dh invalid in math mode on input line 298.


LaTeX Warning: Command \dh invalid in math mode on input line 303.


LaTeX Warning: Command \dh invalid in math mode on input line 303.


Underfull \hbox (badness 10000) in paragraph at lines 314--318

 []


Underfull \hbox (badness 10000) in paragraph at lines 319--325

 []


Underfull \hbox (badness 10000) in paragraph at lines 330--339

 []

[12]
Underfull \hbox (badness 10000) in paragraph at lines 340--341

 []


Underfull \hbox (badness 10000) in paragraph at lines 345--347

 []


Underfull \hbox (badness 10000) in paragraph at lines 348--350

 []


Underfull \hbox (badness 10000) in paragraph at lines 357--358

 []

[13]
Underfull \hbox (badness 10000) in paragraph at lines 359--360

 []

[14]
Chapter 2.

Package hyperref Warning: Token not allowed in a PDF string (Unicode):
(hyperref)                removing `math shift' on input line 402.


Package hyperref Warning: Token not allowed in a PDF string (Unicode):
(hyperref)                removing `superscript' on input line 402.


Package hyperref Warning: Token not allowed in a PDF string (Unicode):
(hyperref)                removing `math shift' on input line 402.

LaTeX Font Info:    Font shape `FMX/futm/m/n' will be
(Font)              scaled to size 22.88956pt on input line 402.
LaTeX Font Info:    Font shape `FMX/futm/m/n' will be
(Font)              scaled to size 15.89755pt on input line 402.
LaTeX Font Info:    Font shape `U/futm/m/n' will be
(Font)              scaled to size 22.88956pt on input line 402.
LaTeX Font Info:    Font shape `U/futm/m/n' will be
(Font)              scaled to size 15.89755pt on input line 402.

Underfull \hbox (badness 10000) in paragraph at lines 405--406

 []

LaTeX Font Info:    Font shape `FMX/futm/m/n' will be
(Font)              scaled to size 13.24796pt on input line 410.
LaTeX Font Info:    Font shape `FMX/futm/m/n' will be
(Font)              scaled to size 7.35999pt on input line 410.
LaTeX Font Info:    Font shape `U/futm/m/n' will be
(Font)              scaled to size 13.24796pt on input line 410.
LaTeX Font Info:    Font shape `U/futm/m/n' will be
(Font)              scaled to size 7.35999pt on input line 410.

Package hyperref Warning: Token not allowed in a PDF string (Unicode):
(hyperref)                removing `math shift' on input line 410.


Package hyperref Warning: Token not allowed in a PDF string (Unicode):
(hyperref)                removing `superscript' on input line 410.


Package hyperref Warning: Token not allowed in a PDF string (Unicode):
(hyperref)                removing `math shift' on input line 410.

LaTeX Font Info:    Font shape `T1/futs/bx/n' in size <10> not available
(Font)              Font shape `T1/futs/b/n' tried instead on input line 415.
LaTeX Font Info:    Font shape `T1/futs/bx/n' in size <7.6> not available
(Font)              Font shape `T1/futs/b/n' tried instead on input line 415.
LaTeX Font Info:    Font shape `T1/futs/bx/n' in size <6> not available
(Font)              Font shape `T1/futs/b/n' tried instead on input line 415.

Underfull \vbox (badness 10000) has occurred while \output is active []

 [15

]
Underfull \vbox (badness 10000) has occurred while \output is active []

 [16] [17]
Underfull \hbox (badness 10000) in paragraph at lines 517--518

 []


Underfull \hbox (badness 10000) in paragraph at lines 519--520

 []

[18]
Underfull \hbox (badness 10000) in paragraph at lines 529--531

 []


Underfull \hbox (badness 10000) in paragraph at lines 532--534

 []

LaTeX Font Info:    Font shape `T1/futs/bx/n' in size <14.4> not available
(Font)              Font shape `T1/futs/b/n' tried instead on input line 537.
LaTeX Font Info:    Font shape `T1/futs/bx/n' in size <8> not available
(Font)              Font shape `T1/futs/b/n' tried instead on input line 537.

Package hyperref Warning: Token not allowed in a PDF string (Unicode):
(hyperref)                removing `math shift' on input line 537.


Package hyperref Warning: Token not allowed in a PDF string (Unicode):
(hyperref)                removing `superscript' on input line 537.


Package hyperref Warning: Token not allowed in a PDF string (Unicode):
(hyperref)                removing `math shift' on input line 537.


Package hyperref Warning: Token not allowed in a PDF string (Unicode):
(hyperref)                removing `math shift' on input line 537.


Package hyperref Warning: Token not allowed in a PDF string (Unicode):
(hyperref)                removing `math shift' on input line 537.


Underfull \vbox (badness 6461) has occurred while \output is active []

 [19]
Overfull \hbox (1.46333pt too wide) in paragraph at lines 606--611
\T1/futs/m/it/10 where $\FML/futmi/m/it/10 A[]$\T1/futs/m/it/10 , $\FML/futmi/m/it/10 B[]$\T1/futs/m/it/10 , $\FML/futmi/m/it/10 C[]$ \T1/futs/m/it/10 and $\FML/futmi/m/it/10 D[]$ \T1/futs/m/it/10 are con-stants that can be writ-ten in terms of $\FML/futmi/m/it/10 a[]\T1/futs/m/n/10 (0)$ \T1/futs/m/it/10 and $[]\T1/futs/m/n/10 (0)$
 []

[20] [21]
Chapter 3.

Package hyperref Warning: Token not allowed in a PDF string (Unicode):
(hyperref)                removing `math shift' on input line 632.


Package hyperref Warning: Token not allowed in a PDF string (Unicode):
(hyperref)                removing `superscript' on input line 632.


Package hyperref Warning: Token not allowed in a PDF string (Unicode):
(hyperref)                removing `math shift' on input line 632.


Package hyperref Warning: Token not allowed in a PDF string (Unicode):
(hyperref)                removing `math shift' on input line 632.


Package hyperref Warning: Token not allowed in a PDF string (Unicode):
(hyperref)                removing `math shift' on input line 632.

LaTeX Font Info:    Font shape `T1/futs/bx/n' in size <24.88> not available
(Font)              Font shape `T1/futs/b/n' tried instead on input line 632.
LaTeX Font Info:    Font shape `T1/futs/bx/n' in size <17.28> not available
(Font)              Font shape `T1/futs/b/n' tried instead on input line 632.
LaTeX Font Info:    Font shape `T1/futs/bx/n' in size <12> not available
(Font)              Font shape `T1/futs/b/n' tried instead on input line 632.
[22

]
Overfull \hbox (4.4427pt too wide) in paragraph at lines 661--663
\T1/futs/m/n/10 sum-ing that ex-pres-sion [] holds true for $\FML/futmi/m/it/10 n \FMS/futm/m/n/10  \FML/futmi/m/it/10 N$\T1/futs/m/n/10 , let's pro-ceed with the in-duc-tion step by cal-cu-lat-ing $[]\FML/futmi/m/it/10 L\T1/futs/m/n/10 ([][])[]\FML/futmi/m/it/10 ^^^$
 []


Underfull \vbox (badness 1147) has occurred while \output is active []

 [23] [24] [25]
Underfull \vbox (badness 10000) has occurred while \output is active []

 [26]
Overfull \hbox (0.39041pt too wide) detected at line 838
[]
 []


Underfull \vbox (badness 10000) has occurred while \output is active []

 [27]

Package hyperref Warning: Token not allowed in a PDF string (Unicode):
(hyperref)                removing `math shift' on input line 861.


Package hyperref Warning: Token not allowed in a PDF string (Unicode):
(hyperref)                removing `superscript' on input line 861.


Package hyperref Warning: Token not allowed in a PDF string (Unicode):
(hyperref)                removing `math shift' on input line 861.


Overfull \hbox (57.35873pt too wide) detected at line 895
[]
 []


Underfull \vbox (badness 1189) has occurred while \output is active []

 [28]

Package amsmath Warning: Foreign command \atopwithdelims;
(amsmath)                \frac or \genfrac should be used instead
(amsmath)                 on input line 910.


Overfull \hbox (3.35745pt too wide) detected at line 932
[]
 []


Underfull \vbox (badness 10000) has occurred while \output is active []

 [29]
Overfull \hbox (29.76935pt too wide) detected at line 944
[]
 []


Underfull \vbox (badness 10000) has occurred while \output is active []

 [30]
Underfull \vbox (badness 10000) has occurred while \output is active []

 [31]
Overfull \hbox (5.20215pt too wide) detected at line 1044
[]
 []

[32] [33] [34]
LaTeX Font Info:    Trying to load font information for T1+cmtt on input line 1136.
 (/usr/local/texlive/2022/texmf-dist/tex/latex/base/t1cmtt.fd
File: t1cmtt.fd 2019/12/16 v2.5j Standard LaTeX font definitions
)
Underfull \hbox (badness 10000) in paragraph at lines 1149--1150

 []

[35] [36]
LaTeX Font Info:    Trying to load font information for TS1+futs on input line 1227.
 (/usr/local/texlive/2022/texmf-dist/tex/latex/fourier/ts1futs.fd
File: ts1futs.fd 2003/09/14 Fontinst v1.801 font definitions for TS1/futs.
)
<friedrich cylinder.pdf, id=846, 361.35pt x 355.3275pt>
File: friedrich cylinder.pdf Graphic file (type pdf)
<use friedrich cylinder.pdf>
Package pdftex.def Info: friedrich cylinder.pdf  used on input line 1234.
(pdftex.def)             Requested size: 159.33821pt x 156.68073pt.

Underfull \hbox (badness 10000) in paragraph at lines 1243--1244

 []

[37
pdfTeX warning (ext4): destination with the same identifier (name{figure.3.1}) has been already used, duplicate ignored
<argument> ...shipout:D \box_use:N \l_shipout_box 
                                                  \__shipout_drop_firstpage_...
l.1244 
        <./friedrich cylinder.pdf>]
Overfull \hbox (8.53731pt too wide) in paragraph at lines 1245--1246
\T1/futs/m/n/10 spa-tial and null in-fin-ity. The anal-y-sis was car-ried out us-ing pre-scribed an-a-lytic ini-tial data close to $\FML/futmi/m/it/10 i[]$ \T1/futs/m/n/10 in Minkowski
 []


Underfull \hbox (badness 10000) in paragraph at lines 1245--1246

 []


Underfull \hbox (badness 10000) in paragraph at lines 1247--1248

 []


Underfull \hbox (badness 10000) in paragraph at lines 1249--1250

 []


Underfull \hbox (badness 10000) in paragraph at lines 1251--1252

 []

) [38] (Output/Thesis.bbl [39


] [40]) [41] [42

] (./Modules/Appendix_A.tex) (./Modules/Appendix_B.tex) (Output/Thesis.aux

Package natbib Warning: Citation(s) may have changed.
(natbib)                Rerun to get citations correct.

)

LaTeX Font Warning: Size substitutions with differences
(Font)              up to 0.43996pt have occurred.


LaTeX Warning: There were multiply-defined labels.

Package rerunfilecheck Info: File `Thesis.out' has not changed.
(rerunfilecheck)             Checksum: CAFEB2A7DCEFC47054A610E5ACB81416;4429.
 ) 
Here is how much of TeX's memory you used:
 16921 strings out of 478268
 270491 string characters out of 5846347
 633603 words of memory out of 5000000
 34393 multiletter control sequences out of 15000+600000
 654923 words of font info for 213 fonts, out of 8000000 for 9000
 1141 hyphenation exceptions out of 8191
 115i,14n,109p,1388b,531s stack positions out of 10000i,1000n,20000p,200000b,200000s

pdfTeX warning (dest): name{cite.Ste91} has been referenced but does not exist, replaced by a fixed one

{/usr/local/texlive/2022/texmf-dist/fonts/enc/dvips/cm-super/cm-super-t1.enc}{/usr/local/texlive/2022/texmf-dist/fonts/enc/dvips/base/8r.enc}</usr/local/texlive/2022/texmf-dist/fonts/type1/public/fourier/fourier-bb.pfb></usr/local/texlive/2022/texmf-dist/fonts/type1/public/fourier/fourier-mcl.pfb></usr/local/texlive/2022/texmf-dist/fonts/type1/public/fourier/fourier-mex.pfb></usr/local/texlive/2022/texmf-dist/fonts/type1/public/fourier/fourier-ml.pfb></usr/local/texlive/2022/texmf-dist/fonts/type1/public/fourier/fourier-mlit.pfb></usr/local/texlive/2022/texmf-dist/fonts/type1/public/fourier/fourier-mlitb.pfb></usr/local/texlive/2022/texmf-dist/fonts/type1/public/fourier/fourier-ms.pfb></usr/local/texlive/2022/texmf-dist/fonts/type1/public/amsfonts/symbols/msam10.pfb></usr/local/texlive/2022/texmf-dist/fonts/type1/public/amsfonts/symbols/msbm10.pfb></usr/local/texlive/2022/texmf-dist/fonts/type1/adobe/utopia/putb8a.pfb></usr/local/texlive/2022/texmf-dist/fonts/type1/adobe/utopia/putbi8a.pfb></usr/local/texlive/2022/texmf-dist/fonts/type1/adobe/utopia/putr8a.pfb></usr/local/texlive/2022/texmf-dist/fonts/type1/adobe/utopia/putri8a.pfb></usr/local/texlive/2022/texmf-dist/fonts/type1/public/rsfs/rsfs10.pfb></usr/local/texlive/2022/texmf-dist/fonts/type1/public/cm-super/sftt1000.pfb></usr/local/texlive/2022/texmf-dist/fonts/type1/urw/helvetic/uhvb8a.pfb></usr/local/texlive/2022/texmf-dist/fonts/type1/urw/helvetic/uhvr8a.pfb>
Output written on Output/Thesis.pdf (58 pages, 779108 bytes).
PDF statistics:
 1062 PDF objects out of 1200 (max. 8388607)
 924 compressed objects within 10 object streams
 321 named destinations out of 1000 (max. 500000)
 210 words of extra memory for PDF output out of 10000 (max. 10000000)

