\BOOKMARK [1][-]{section*.1}{\376\377\000A\000c\000k\000n\000o\000w\000l\000e\000d\000g\000m\000e\000n\000t\000s}{}% 1
\BOOKMARK [1][-]{section*.2}{\376\377\000R\000e\000s\000u\000m\000o}{}% 2
\BOOKMARK [1][-]{section*.3}{\376\377\000A\000b\000s\000t\000r\000a\000c\000t}{}% 3
\BOOKMARK [1][-]{section*.5}{\376\377\000L\000i\000s\000t\000\040\000o\000f\000\040\000T\000a\000b\000l\000e\000s}{}% 4
\BOOKMARK [1][-]{section*.7}{\376\377\000L\000i\000s\000t\000\040\000o\000f\000\040\000F\000i\000g\000u\000r\000e\000s}{}% 5
\BOOKMARK [1][-]{section*.9}{\376\377\000N\000o\000m\000e\000n\000c\000l\000a\000t\000u\000r\000e}{}% 6
\BOOKMARK [1][-]{section*.10}{\376\377\000G\000l\000o\000s\000s\000a\000r\000y}{}% 7
\BOOKMARK [0][-]{chapter.1}{\376\377\0001\000\040\000I\000n\000t\000r\000o\000d\000u\000c\000t\000i\000o\000n}{}% 8
\BOOKMARK [1][-]{section.1.1}{\376\377\0001\000.\0001\000\040\000M\000o\000t\000i\000v\000a\000t\000i\000o\000n}{chapter.1}% 9
\BOOKMARK [1][-]{section.1.2}{\376\377\0001\000.\0002\000\040\000G\000l\000o\000b\000a\000l\000\040\000s\000t\000r\000u\000c\000t\000u\000r\000e\000\040\000o\000f\000\040\000s\000p\000a\000c\000e\000t\000i\000m\000e\000s}{chapter.1}% 10
\BOOKMARK [1][-]{section.1.3}{\376\377\0001\000.\0003\000\040\000N\000e\000w\000m\000a\000n\000-\000P\000e\000n\000r\000o\000s\000e\000\040\000c\000o\000n\000s\000t\000a\000n\000t\000s}{chapter.1}% 11
\BOOKMARK [0][-]{chapter.2}{\376\377\0002\000\040\000C\000y\000l\000i\000n\000d\000e\000r\000\040\000a\000t\000\040\000i\0000}{}% 12
\BOOKMARK [1][-]{section.2.1}{\376\377\0002\000.\0001\000\040\000T\000h\000e\000\040\000i\0000\000\040\000-\000\040\000c\000y\000l\000i\000n\000d\000e\000r\000\040\000r\000e\000p\000r\000e\000s\000e\000n\000t\000a\000t\000i\000o\000n\000\040\000i\000n\000\040\000M\000i\000n\000k\000o\000w\000s\000k\000i\000\040\000s\000p\000a\000c\000e\000t\000i\000m\000e}{chapter.2}% 13
\BOOKMARK [1][-]{section.2.2}{\376\377\0002\000.\0002\000\040\000L\000i\000n\000e\000a\000r\000\040\000m\000o\000d\000e\000l\000\040\000e\000q\000u\000a\000t\000i\000o\000n\000s}{chapter.2}% 14
\BOOKMARK [1][-]{section.2.3}{\376\377\0002\000.\0003\000\040\000S\000p\000i\000n\000-\0000\000\040\000f\000i\000e\000l\000d\000s\000\040\000c\000l\000o\000s\000e\000\040\000t\000o\000\040\000i\0000\000\040\000a\000n\000d\000\040\000I}{chapter.2}% 15
\BOOKMARK [0][-]{chapter.3}{\376\377\0003\000\040\000T\000h\000e\000\040\000N\000P\000-\000c\000o\000n\000s\000t\000a\000n\000t\000s\000\040\000f\000o\000r\000\040\000t\000h\000e\000\040\000s\000p\000i\000n\000-\0000\000\040\000f\000i\000e\000l\000d\000s\000\040\000c\000l\000o\000s\000e\000\040\000t\000o\000\040\000i\0000\000\040\000\046\000\040\000I}{}% 16
\BOOKMARK [1][-]{section.3.1}{\376\377\0003\000.\0001\000\040\000C\000o\000n\000s\000e\000r\000v\000a\000t\000i\000o\000n\000\040\000L\000a\000w\000s}{chapter.3}% 17
\BOOKMARK [1][-]{section.3.2}{\376\377\0003\000.\0002\000\040\000D\000e\000f\000i\000n\000i\000t\000i\000o\000n\000\040\000o\000f\000\040\000N\000P\000\040\000c\000o\000n\000s\000t\000a\000n\000t\000s}{chapter.3}% 18
\BOOKMARK [1][-]{section.3.3}{\376\377\0003\000.\0003\000\040\000T\000h\000e\000\040\000c\000l\000a\000s\000s\000i\000c\000a\000l\000\040\000N\000P\000\040\000c\000o\000n\000s\000t\000a\000n\000t\000s}{chapter.3}% 19
\BOOKMARK [0][-]{section*.11}{\376\377\000B\000i\000b\000l\000i\000o\000g\000r\000a\000p\000h\000y}{}% 20
\BOOKMARK [0][-]{appendix.A}{\376\377\000A\000\040\000V\000e\000c\000t\000o\000r\000\040\000c\000a\000l\000c\000u\000l\000u\000s}{}% 21
\BOOKMARK [1][-]{section.A.1}{\376\377\000A\000.\0001\000\040\000V\000e\000c\000t\000o\000r\000\040\000i\000d\000e\000n\000t\000i\000t\000i\000e\000s}{appendix.A}% 22
\BOOKMARK [0][-]{appendix.B}{\376\377\000B\000\040\000T\000e\000c\000h\000n\000i\000c\000a\000l\000\040\000D\000a\000t\000a\000s\000h\000e\000e\000t\000s}{}% 23
\BOOKMARK [1][-]{section.B.1}{\376\377\000B\000.\0001\000\040\000S\000o\000m\000e\000\040\000D\000a\000t\000a\000s\000h\000e\000e\000t}{appendix.B}% 24
